<?xml version="1.0" encoding="UTF-8"?>
<coverage generated="1601714812">
  <project timestamp="1601714812">
    <file name="C:\Users\Thomas\Documents\Projets\producteurauconsommateur.com\src\.preload.php">
      <line num="3" type="stmt" count="0"/>
      <line num="4" type="stmt" count="0"/>
      <metrics loc="5" ncloc="5" classes="0" methods="0" coveredmethods="0" conditionals="0" coveredconditionals="0" statements="2" coveredstatements="0" elements="2" coveredelements="0"/>
    </file>
    <file name="C:\Users\Thomas\Documents\Projets\producteurauconsommateur.com\src\Controller\SecurityController.php">
      <class name="App\Controller\SecurityController" namespace="global">
        <metrics complexity="4" methods="1" coveredmethods="1" conditionals="0" coveredconditionals="0" statements="12" coveredstatements="12" elements="13" coveredelements="13"/>
      </class>
      <line num="29" type="method" name="registration" visibility="public" complexity="4" crap="4" count="2"/>
      <line num="34" type="stmt" count="2"/>
      <line num="35" type="stmt" count="2"/>
      <line num="37" type="stmt" count="2"/>
      <line num="39" type="stmt" count="2"/>
      <line num="40" type="stmt" count="2"/>
      <line num="41" type="stmt" count="2"/>
      <line num="43" type="stmt" count="2"/>
      <line num="44" type="stmt" count="2"/>
      <line num="45" type="stmt" count="2"/>
      <line num="46" type="stmt" count="2"/>
      <line num="49" type="stmt" count="2"/>
      <line num="50" type="stmt" count="2"/>
      <metrics loc="53" ncloc="42" classes="1" methods="1" coveredmethods="1" conditionals="0" coveredconditionals="0" statements="12" coveredstatements="12" elements="13" coveredelements="13"/>
    </file>
    <file name="C:\Users\Thomas\Documents\Projets\producteurauconsommateur.com\src\DataFixtures\AppFixtures.php">
      <class name="App\DataFixtures\AppFixtures" namespace="global">
        <metrics complexity="1" methods="1" coveredmethods="0" conditionals="0" coveredconditionals="0" statements="2" coveredstatements="0" elements="3" coveredelements="0"/>
      </class>
      <line num="10" type="method" name="load" visibility="public" complexity="1" crap="2" count="0"/>
      <line num="15" type="stmt" count="0"/>
      <line num="16" type="stmt" count="0"/>
      <metrics loc="17" ncloc="15" classes="1" methods="1" coveredmethods="0" conditionals="0" coveredconditionals="0" statements="2" coveredstatements="0" elements="3" coveredelements="0"/>
    </file>
    <file name="C:\Users\Thomas\Documents\Projets\producteurauconsommateur.com\src\Doctrine\UuidType.php">
      <class name="App\Doctrine\UuidType" namespace="global">
        <metrics complexity="13" methods="3" coveredmethods="0" conditionals="0" coveredconditionals="0" statements="17" coveredstatements="4" elements="20" coveredelements="4"/>
      </class>
      <line num="21" type="method" name="getName" visibility="public" complexity="1" crap="2" count="0"/>
      <line num="23" type="stmt" count="0"/>
      <line num="26" type="method" name="convertToPHPValue" visibility="public" complexity="5" crap="30" count="0"/>
      <line num="28" type="stmt" count="0"/>
      <line num="29" type="stmt" count="0"/>
      <line num="32" type="stmt" count="0"/>
      <line num="33" type="stmt" count="0"/>
      <line num="37" type="stmt" count="0"/>
      <line num="38" type="stmt" count="0"/>
      <line num="39" type="stmt" count="0"/>
      <line num="42" type="stmt" count="0"/>
      <line num="45" type="method" name="convertToDatabaseValue" visibility="public" complexity="7" crap="13.12" count="2"/>
      <line num="47" type="stmt" count="2"/>
      <line num="48" type="stmt" count="0"/>
      <line num="52" type="stmt" count="2"/>
      <line num="54" type="stmt" count="0"/>
      <line num="55" type="stmt" count="0"/>
      <line num="56" type="stmt" count="2"/>
      <line num="59" type="stmt" count="2"/>
      <line num="62" type="stmt" count="0"/>
      <metrics loc="64" ncloc="60" classes="1" methods="3" coveredmethods="0" conditionals="0" coveredconditionals="0" statements="17" coveredstatements="4" elements="20" coveredelements="4"/>
    </file>
    <file name="C:\Users\Thomas\Documents\Projets\producteurauconsommateur.com\src\Entity\Customer.php">
      <class name="App\Entity\Customer" namespace="global">
        <metrics complexity="1" methods="1" coveredmethods="0" conditionals="0" coveredconditionals="0" statements="1" coveredstatements="0" elements="2" coveredelements="0"/>
      </class>
      <line num="18" type="method" name="getRoles" visibility="public" complexity="1" crap="2" count="0"/>
      <line num="20" type="stmt" count="0"/>
      <metrics loc="22" ncloc="17" classes="1" methods="1" coveredmethods="0" conditionals="0" coveredconditionals="0" statements="1" coveredstatements="0" elements="2" coveredelements="0"/>
    </file>
    <file name="C:\Users\Thomas\Documents\Projets\producteurauconsommateur.com\src\Entity\Producer.php">
      <class name="App\Entity\Producer" namespace="global">
        <metrics complexity="1" methods="1" coveredmethods="0" conditionals="0" coveredconditionals="0" statements="1" coveredstatements="0" elements="2" coveredelements="0"/>
      </class>
      <line num="18" type="method" name="getRoles" visibility="public" complexity="1" crap="2" count="0"/>
      <line num="20" type="stmt" count="0"/>
      <metrics loc="22" ncloc="17" classes="1" methods="1" coveredmethods="0" conditionals="0" coveredconditionals="0" statements="1" coveredstatements="0" elements="2" coveredelements="0"/>
    </file>
    <file name="C:\Users\Thomas\Documents\Projets\producteurauconsommateur.com\src\Entity\User.php">
      <class name="App\Entity\User" namespace="global">
        <metrics complexity="18" methods="18" coveredmethods="12" conditionals="0" coveredconditionals="0" statements="27" coveredstatements="19" elements="45" coveredelements="31"/>
      </class>
      <line num="69" type="method" name="__construct" visibility="public" complexity="1" crap="1" count="2"/>
      <line num="71" type="stmt" count="2"/>
      <line num="72" type="stmt" count="2"/>
      <line num="77" type="method" name="getId" visibility="public" complexity="1" crap="2" count="0"/>
      <line num="79" type="stmt" count="0"/>
      <line num="85" type="method" name="setId" visibility="public" complexity="1" crap="1" count="2"/>
      <line num="87" type="stmt" count="2"/>
      <line num="88" type="stmt" count="2"/>
      <line num="93" type="method" name="getFirstName" visibility="public" complexity="1" crap="1" count="2"/>
      <line num="95" type="stmt" count="2"/>
      <line num="101" type="method" name="setFirstName" visibility="public" complexity="1" crap="1" count="2"/>
      <line num="103" type="stmt" count="2"/>
      <line num="104" type="stmt" count="2"/>
      <line num="109" type="method" name="getLastName" visibility="public" complexity="1" crap="1" count="2"/>
      <line num="111" type="stmt" count="2"/>
      <line num="117" type="method" name="setLastName" visibility="public" complexity="1" crap="1" count="2"/>
      <line num="119" type="stmt" count="2"/>
      <line num="120" type="stmt" count="2"/>
      <line num="125" type="method" name="getEmail" visibility="public" complexity="1" crap="1" count="2"/>
      <line num="127" type="stmt" count="2"/>
      <line num="133" type="method" name="setEmail" visibility="public" complexity="1" crap="1" count="2"/>
      <line num="135" type="stmt" count="2"/>
      <line num="136" type="stmt" count="2"/>
      <line num="141" type="method" name="getPassword" visibility="public" complexity="1" crap="2" count="0"/>
      <line num="143" type="stmt" count="0"/>
      <line num="149" type="method" name="setPassword" visibility="public" complexity="1" crap="1" count="2"/>
      <line num="151" type="stmt" count="2"/>
      <line num="152" type="stmt" count="2"/>
      <line num="157" type="method" name="getPlainPassword" visibility="public" complexity="1" crap="1" count="2"/>
      <line num="159" type="stmt" count="2"/>
      <line num="165" type="method" name="setPlainPassword" visibility="public" complexity="1" crap="1" count="2"/>
      <line num="167" type="stmt" count="2"/>
      <line num="168" type="stmt" count="2"/>
      <line num="173" type="method" name="getRegisteredAt" visibility="public" complexity="1" crap="2" count="0"/>
      <line num="175" type="stmt" count="0"/>
      <line num="181" type="method" name="setRegisteredAt" visibility="public" complexity="1" crap="2" count="0"/>
      <line num="183" type="stmt" count="0"/>
      <line num="184" type="stmt" count="0"/>
      <line num="186" type="method" name="getSalt" visibility="public" complexity="1" crap="1" count="2"/>
      <line num="188" type="stmt" count="2"/>
      <line num="190" type="method" name="getUsername" visibility="public" complexity="1" crap="2" count="0"/>
      <line num="192" type="stmt" count="0"/>
      <line num="195" type="method" name="eraseCredentials" visibility="public" complexity="1" crap="2" count="0"/>
      <line num="197" type="stmt" count="0"/>
      <line num="198" type="stmt" count="0"/>
      <metrics loc="199" ncloc="118" classes="1" methods="18" coveredmethods="12" conditionals="0" coveredconditionals="0" statements="27" coveredstatements="19" elements="45" coveredelements="31"/>
    </file>
    <file name="C:\Users\Thomas\Documents\Projets\producteurauconsommateur.com\src\Form\RegistrationType.php">
      <class name="App\Form\RegistrationType" namespace="global">
        <metrics complexity="2" methods="2" coveredmethods="2" conditionals="0" coveredconditionals="0" statements="7" coveredstatements="7" elements="9" coveredelements="9"/>
      </class>
      <line num="19" type="method" name="buildForm" visibility="public" complexity="1" crap="1" count="2"/>
      <line num="22" type="stmt" count="2"/>
      <line num="23" type="stmt" count="2"/>
      <line num="24" type="stmt" count="2"/>
      <line num="25" type="stmt" count="2"/>
      <line num="26" type="stmt" count="2"/>
      <line num="28" type="method" name="configureOptions" visibility="public" complexity="1" crap="1" count="2"/>
      <line num="30" type="stmt" count="2"/>
      <line num="31" type="stmt" count="2"/>
      <metrics loc="32" ncloc="28" classes="1" methods="2" coveredmethods="2" conditionals="0" coveredconditionals="0" statements="7" coveredstatements="7" elements="9" coveredelements="9"/>
    </file>
    <file name="C:\Users\Thomas\Documents\Projets\producteurauconsommateur.com\src\Kernel.php">
      <class name="App\Kernel" namespace="global">
        <metrics complexity="6" methods="2" coveredmethods="0" conditionals="0" coveredconditionals="0" statements="15" coveredstatements="11" elements="17" coveredelements="11"/>
      </class>
      <line num="14" type="method" name="configureContainer" visibility="protected" complexity="3" crap="3.14" count="1"/>
      <line num="16" type="stmt" count="1"/>
      <line num="17" type="stmt" count="1"/>
      <line num="19" type="stmt" count="1"/>
      <line num="20" type="stmt" count="1"/>
      <line num="21" type="stmt" count="1"/>
      <line num="22" type="stmt" count="0"/>
      <line num="23" type="stmt" count="0"/>
      <line num="25" type="stmt" count="1"/>
      <line num="27" type="method" name="configureRoutes" visibility="protected" complexity="3" crap="3.21" count="1"/>
      <line num="29" type="stmt" count="1"/>
      <line num="30" type="stmt" count="1"/>
      <line num="32" type="stmt" count="1"/>
      <line num="33" type="stmt" count="1"/>
      <line num="34" type="stmt" count="0"/>
      <line num="35" type="stmt" count="0"/>
      <line num="37" type="stmt" count="1"/>
      <metrics loc="38" ncloc="38" classes="1" methods="2" coveredmethods="0" conditionals="0" coveredconditionals="0" statements="15" coveredstatements="11" elements="17" coveredelements="11"/>
    </file>
    <metrics files="9" loc="452" ncloc="340" classes="8" methods="29" coveredmethods="15" conditionals="0" coveredconditionals="0" statements="84" coveredstatements="53" elements="113" coveredelements="68"/>
  </project>
</coverage>
