<?xml version="1.0" encoding="UTF-8"?>
<coverage generated="1601711522">
  <project timestamp="1601711522">
    <file name="C:\Users\Thomas\Documents\Projets\producteurauconsommateur.com\src\.preload.php">
      <line num="3" type="stmt" count="0"/>
      <line num="4" type="stmt" count="0"/>
      <line num="5" type="stmt" count="0"/>
      <metrics loc="5" ncloc="5" classes="0" methods="0" coveredmethods="0" conditionals="0" coveredconditionals="0" statements="3" coveredstatements="0" elements="3" coveredelements="0"/>
    </file>
    <package name="App\DataFixtures">
      <file name="C:\Users\Thomas\Documents\Projets\producteurauconsommateur.com\src\DataFixtures\AppFixtures.php">
        <class name="App\DataFixtures\AppFixtures" namespace="App\DataFixtures">
          <metrics complexity="1" methods="1" coveredmethods="0" conditionals="0" coveredconditionals="0" statements="3" coveredstatements="0" elements="4" coveredelements="0"/>
        </class>
        <line num="10" type="method" name="load" visibility="public" complexity="1" crap="2.00" count="0"/>
        <line num="11" type="stmt" count="0"/>
        <line num="15" type="stmt" count="0"/>
        <line num="16" type="stmt" count="0"/>
        <metrics loc="17" ncloc="13" classes="1" methods="1" coveredmethods="0" conditionals="0" coveredconditionals="0" statements="3" coveredstatements="0" elements="4" coveredelements="0"/>
      </file>
    </package>
    <package name="App">
      <file name="C:\Users\Thomas\Documents\Projets\producteurauconsommateur.com\src\Kernel.php">
        <class name="App\Kernel" namespace="App">
          <metrics complexity="6" methods="2" coveredmethods="0" conditionals="0" coveredconditionals="0" statements="19" coveredstatements="0" elements="21" coveredelements="0"/>
        </class>
        <line num="14" type="method" name="configureContainer" visibility="protected" complexity="3" crap="12.00" count="0"/>
        <line num="15" type="stmt" count="0"/>
        <line num="16" type="stmt" count="0"/>
        <line num="17" type="stmt" count="0"/>
        <line num="19" type="stmt" count="0"/>
        <line num="20" type="stmt" count="0"/>
        <line num="21" type="stmt" count="0"/>
        <line num="22" type="stmt" count="0"/>
        <line num="23" type="stmt" count="0"/>
        <line num="24" type="stmt" count="0"/>
        <line num="25" type="stmt" count="0"/>
        <line num="27" type="method" name="configureRoutes" visibility="protected" complexity="3" crap="12.00" count="0"/>
        <line num="28" type="stmt" count="0"/>
        <line num="29" type="stmt" count="0"/>
        <line num="30" type="stmt" count="0"/>
        <line num="32" type="stmt" count="0"/>
        <line num="33" type="stmt" count="0"/>
        <line num="34" type="stmt" count="0"/>
        <line num="35" type="stmt" count="0"/>
        <line num="36" type="stmt" count="0"/>
        <line num="37" type="stmt" count="0"/>
        <metrics loc="38" ncloc="38" classes="1" methods="2" coveredmethods="0" conditionals="0" coveredconditionals="0" statements="19" coveredstatements="0" elements="21" coveredelements="0"/>
      </file>
    </package>
    <metrics files="3" loc="60" ncloc="56" classes="2" methods="3" coveredmethods="0" conditionals="0" coveredconditionals="0" statements="25" coveredstatements="0" elements="28" coveredelements="0"/>
  </project>
</coverage>
